<?xml version="1.0" encoding="UTF-8"?>
<!-- Generated by org.testng.reporters.JUnitReportReporter -->
<testsuite hostname="LAPTOP-MSK86JTQ" failures="0" tests="1" name="com.qa.testscripts.TC_Scenario_001" time="32.262" errors="0" timestamp="2023-08-17T16:04:50 IST" skipped="0">
  <testcase classname="com.qa.testscripts.TC_Scenario_001" name="Scenario1" time="32.262"/>
  <system-out/>
</testsuite> <!-- com.qa.testscripts.TC_Scenario_001 -->
